<?xml version="1.0" encoding="UTF-8"?>
<testng-results skipped="0" failed="0" total="1" passed="1">
  <reporter-output>
  </reporter-output>
  <suite name="Default suite" duration-ms="77" started-at="2015-09-12T21:24:00Z" finished-at="2015-09-12T21:24:00Z">
    <groups>
    </groups>
    <test name="Default test" duration-ms="77" started-at="2015-09-12T21:24:00Z" finished-at="2015-09-12T21:24:00Z">
      <class name="com.weather.TWC.NewTest">
        <test-method status="PASS" signature="test()[pri:0, instance:com.weather.TWC.NewTest@4563e9ab]" name="test" duration-ms="34" started-at="2015-09-13T02:54:00Z" finished-at="2015-09-13T02:54:00Z">
          <reporter-output>
          </reporter-output>
        </test-method> <!-- test -->
      </class> <!-- com.weather.TWC.NewTest -->
    </test> <!-- Default test -->
  </suite> <!-- Default suite -->
</testng-results>
