<?xml version="1.0" encoding="UTF-8"?>
<!-- Generated by org.testng.reporters.JUnitXMLReporter -->
<testsuite hostname="VAIO" name="Test_Cases" tests="2" failures="1" timestamp="24 Sep 2015 19:42:23 GMT" time="0.078" errors="0">
  <testcase name="testforTestNG" time="0.028" classname="Appium_PKG.NewTest"/>
  <testcase name="test_method_TestNG" time="0.008" classname="Appium_PKG.NewTest1">
    <failure type="java.lang.AssertionError" message="expected [false] but found [true]">
      <![CDATA[java.lang.AssertionError: expected [false] but found [true]
	at Appium_PKG.NewTest1.test_method_TestNG(NewTest1.java:18)
... Removed 29 stack frames]]>
    </failure>
  </testcase> <!-- test_method_TestNG -->
</testsuite> <!-- Test_Cases -->
